   0  $accept : %entry% $end

   1  program : stmt_list EOF

   2  stmt_list :
   3            | stmt stmt_list
   4            | NEWLINE stmt stmt_list

   5  stmt : vdecl NEWLINE
   6       | expr NEWLINE
   7       | function_stmt
   8       | return_stmt NEWLINE
   9       | print_stmt NEWLINE
  10       | if_stmt
  11       | while_stmt
  12       | for_stmt
  13       | BREAK NEWLINE
  14       | CONTINUE NEWLINE

  15  block : NEWLINE INDENT stmt_list DEDENT

  16  function_stmt : DEF ID LPAREN formals_opt RPAREN ARROW typ COLON block

  17  vdecl : ID COLON typ

  18  formals_opt :
  19              | formals_list

  20  formals_list : vdecl
  21               | vdecl COMMA formals_list

  22  return_stmt : RETURN expr

  23  if_stmt : IF expr COLON block

  24  while_stmt : WHILE expr COLON block

  25  for_stmt : FOR ID IN expr COLON block

  26  print_stmt : PRINT LPAREN expr RPAREN

  27  expr_opt :
  28           | expr_list

  29  expr_list : expr
  30            | expr COMMA expr_list

  31  expr : INT_LITERAL
  32       | FLOAT_LITERAL
  33       | STRING_LITERAL
  34       | BOOL_LITERAL
  35       | LBRACKET expr_opt RBRACKET
  36       | LPAREN expr_opt RPAREN
  37       | expr PLUS expr
  38       | expr MINUS expr
  39       | expr TIMES expr
  40       | expr DIVIDE expr
  41       | expr MODULO expr
  42       | expr EXP expr
  43       | expr FDIVIDE expr
  44       | ID
  45       | ID ASSIGN expr
  46       | ID PLUS_ASSIGN expr
  47       | ID MINUS_ASSIGN expr
  48       | ID TIMES_ASSIGN expr
  49       | ID DIV_ASSIGN expr
  50       | ID MOD_ASSIGN expr
  51       | ID EXP_ASSIGN expr
  52       | ID FDIV_ASSIGN expr
  53       | ID LPAREN args_opt RPAREN
  54       | expr EQ expr
  55       | expr NEQ expr
  56       | expr GT expr
  57       | expr LT expr
  58       | expr GEQ expr
  59       | expr LEQ expr
  60       | expr AND expr
  61       | expr OR expr
  62       | NOT expr
  63       | expr IN expr
  64       | expr NOT IN expr

  65  typ : INT
  66      | BOOL
  67      | FLOAT
  68      | STRING

  69  args_opt :
  70           | args_list

  71  args_list : expr
  72            | expr COMMA args_list

  73  %entry% : '\001' program

state 0
	$accept : . %entry% $end  (0)

	'\001'  shift 1
	.  error

	%entry%  goto 2


state 1
	%entry% : '\001' . program  (73)
	stmt_list : .  (2)

	NEWLINE  shift 3
	DEF  shift 4
	RETURN  shift 5
	PRINT  shift 6
	LPAREN  shift 7
	LBRACKET  shift 8
	IF  shift 9
	WHILE  shift 10
	FOR  shift 11
	BREAK  shift 12
	CONTINUE  shift 13
	NOT  shift 14
	INT_LITERAL  shift 15
	FLOAT_LITERAL  shift 16
	STRING_LITERAL  shift 17
	ID  shift 18
	BOOL_LITERAL  shift 19
	EOF  reduce 2

	program  goto 20
	stmt_list  goto 21
	stmt  goto 22
	vdecl  goto 23
	expr  goto 24
	function_stmt  goto 25
	return_stmt  goto 26
	print_stmt  goto 27
	if_stmt  goto 28
	while_stmt  goto 29
	for_stmt  goto 30


state 2
	$accept : %entry% . $end  (0)

	$end  accept


state 3
	stmt_list : NEWLINE . stmt stmt_list  (4)

	DEF  shift 4
	RETURN  shift 5
	PRINT  shift 6
	LPAREN  shift 7
	LBRACKET  shift 8
	IF  shift 9
	WHILE  shift 10
	FOR  shift 11
	BREAK  shift 12
	CONTINUE  shift 13
	NOT  shift 14
	INT_LITERAL  shift 15
	FLOAT_LITERAL  shift 16
	STRING_LITERAL  shift 17
	ID  shift 18
	BOOL_LITERAL  shift 19
	.  error

	stmt  goto 31
	vdecl  goto 23
	expr  goto 24
	function_stmt  goto 25
	return_stmt  goto 26
	print_stmt  goto 27
	if_stmt  goto 28
	while_stmt  goto 29
	for_stmt  goto 30


state 4
	function_stmt : DEF . ID LPAREN formals_opt RPAREN ARROW typ COLON block  (16)

	ID  shift 32
	.  error


state 5
	return_stmt : RETURN . expr  (22)

	LPAREN  shift 7
	LBRACKET  shift 8
	NOT  shift 14
	INT_LITERAL  shift 15
	FLOAT_LITERAL  shift 16
	STRING_LITERAL  shift 17
	ID  shift 33
	BOOL_LITERAL  shift 19
	.  error

	expr  goto 34


state 6
	print_stmt : PRINT . LPAREN expr RPAREN  (26)

	LPAREN  shift 35
	.  error


state 7
	expr : LPAREN . expr_opt RPAREN  (36)
	expr_opt : .  (27)

	LPAREN  shift 7
	LBRACKET  shift 8
	NOT  shift 14
	INT_LITERAL  shift 15
	FLOAT_LITERAL  shift 16
	STRING_LITERAL  shift 17
	ID  shift 33
	BOOL_LITERAL  shift 19
	RPAREN  reduce 27

	expr  goto 36
	expr_opt  goto 37
	expr_list  goto 38


state 8
	expr : LBRACKET . expr_opt RBRACKET  (35)
	expr_opt : .  (27)

	LPAREN  shift 7
	LBRACKET  shift 8
	NOT  shift 14
	INT_LITERAL  shift 15
	FLOAT_LITERAL  shift 16
	STRING_LITERAL  shift 17
	ID  shift 33
	BOOL_LITERAL  shift 19
	RBRACKET  reduce 27

	expr  goto 36
	expr_opt  goto 39
	expr_list  goto 38


state 9
	if_stmt : IF . expr COLON block  (23)

	LPAREN  shift 7
	LBRACKET  shift 8
	NOT  shift 14
	INT_LITERAL  shift 15
	FLOAT_LITERAL  shift 16
	STRING_LITERAL  shift 17
	ID  shift 33
	BOOL_LITERAL  shift 19
	.  error

	expr  goto 40


state 10
	while_stmt : WHILE . expr COLON block  (24)

	LPAREN  shift 7
	LBRACKET  shift 8
	NOT  shift 14
	INT_LITERAL  shift 15
	FLOAT_LITERAL  shift 16
	STRING_LITERAL  shift 17
	ID  shift 33
	BOOL_LITERAL  shift 19
	.  error

	expr  goto 41


state 11
	for_stmt : FOR . ID IN expr COLON block  (25)

	ID  shift 42
	.  error


state 12
	stmt : BREAK . NEWLINE  (13)

	NEWLINE  shift 43
	.  error


state 13
	stmt : CONTINUE . NEWLINE  (14)

	NEWLINE  shift 44
	.  error


state 14
	expr : NOT . expr  (62)

	LPAREN  shift 7
	LBRACKET  shift 8
	NOT  shift 14
	INT_LITERAL  shift 15
	FLOAT_LITERAL  shift 16
	STRING_LITERAL  shift 17
	ID  shift 33
	BOOL_LITERAL  shift 19
	.  error

	expr  goto 45


state 15
	expr : INT_LITERAL .  (31)

	.  reduce 31


state 16
	expr : FLOAT_LITERAL .  (32)

	.  reduce 32


state 17
	expr : STRING_LITERAL .  (33)

	.  reduce 33


state 18
	vdecl : ID . COLON typ  (17)
	expr : ID .  (44)
	expr : ID . ASSIGN expr  (45)
	expr : ID . PLUS_ASSIGN expr  (46)
	expr : ID . MINUS_ASSIGN expr  (47)
	expr : ID . TIMES_ASSIGN expr  (48)
	expr : ID . DIV_ASSIGN expr  (49)
	expr : ID . MOD_ASSIGN expr  (50)
	expr : ID . EXP_ASSIGN expr  (51)
	expr : ID . FDIV_ASSIGN expr  (52)
	expr : ID . LPAREN args_opt RPAREN  (53)

	COLON  shift 46
	LPAREN  shift 47
	ASSIGN  shift 48
	PLUS_ASSIGN  shift 49
	MINUS_ASSIGN  shift 50
	TIMES_ASSIGN  shift 51
	DIV_ASSIGN  shift 52
	MOD_ASSIGN  shift 53
	EXP_ASSIGN  shift 54
	FDIV_ASSIGN  shift 55
	NEWLINE  reduce 44
	IN  reduce 44
	PLUS  reduce 44
	MINUS  reduce 44
	TIMES  reduce 44
	DIVIDE  reduce 44
	MODULO  reduce 44
	EXP  reduce 44
	FDIVIDE  reduce 44
	EQ  reduce 44
	NEQ  reduce 44
	GT  reduce 44
	LT  reduce 44
	GEQ  reduce 44
	LEQ  reduce 44
	AND  reduce 44
	OR  reduce 44
	NOT  reduce 44


state 19
	expr : BOOL_LITERAL .  (34)

	.  reduce 34


state 20
	%entry% : '\001' program .  (73)

	.  reduce 73


state 21
	program : stmt_list . EOF  (1)

	EOF  shift 56
	.  error


state 22
	stmt_list : stmt . stmt_list  (3)
	stmt_list : .  (2)

	NEWLINE  shift 3
	DEF  shift 4
	RETURN  shift 5
	PRINT  shift 6
	LPAREN  shift 7
	LBRACKET  shift 8
	IF  shift 9
	WHILE  shift 10
	FOR  shift 11
	BREAK  shift 12
	CONTINUE  shift 13
	NOT  shift 14
	INT_LITERAL  shift 15
	FLOAT_LITERAL  shift 16
	STRING_LITERAL  shift 17
	ID  shift 18
	BOOL_LITERAL  shift 19
	DEDENT  reduce 2
	EOF  reduce 2

	stmt_list  goto 57
	stmt  goto 22
	vdecl  goto 23
	expr  goto 24
	function_stmt  goto 25
	return_stmt  goto 26
	print_stmt  goto 27
	if_stmt  goto 28
	while_stmt  goto 29
	for_stmt  goto 30


state 23
	stmt : vdecl . NEWLINE  (5)

	NEWLINE  shift 58
	.  error


state 24
	stmt : expr . NEWLINE  (6)
	expr : expr . PLUS expr  (37)
	expr : expr . MINUS expr  (38)
	expr : expr . TIMES expr  (39)
	expr : expr . DIVIDE expr  (40)
	expr : expr . MODULO expr  (41)
	expr : expr . EXP expr  (42)
	expr : expr . FDIVIDE expr  (43)
	expr : expr . EQ expr  (54)
	expr : expr . NEQ expr  (55)
	expr : expr . GT expr  (56)
	expr : expr . LT expr  (57)
	expr : expr . GEQ expr  (58)
	expr : expr . LEQ expr  (59)
	expr : expr . AND expr  (60)
	expr : expr . OR expr  (61)
	expr : expr . IN expr  (63)
	expr : expr . NOT IN expr  (64)

	NEWLINE  shift 59
	IN  shift 60
	PLUS  shift 61
	MINUS  shift 62
	TIMES  shift 63
	DIVIDE  shift 64
	MODULO  shift 65
	EXP  shift 66
	FDIVIDE  shift 67
	EQ  shift 68
	NEQ  shift 69
	GT  shift 70
	LT  shift 71
	GEQ  shift 72
	LEQ  shift 73
	AND  shift 74
	OR  shift 75
	NOT  shift 76
	.  error


state 25
	stmt : function_stmt .  (7)

	.  reduce 7


state 26
	stmt : return_stmt . NEWLINE  (8)

	NEWLINE  shift 77
	.  error


state 27
	stmt : print_stmt . NEWLINE  (9)

	NEWLINE  shift 78
	.  error


state 28
	stmt : if_stmt .  (10)

	.  reduce 10


state 29
	stmt : while_stmt .  (11)

	.  reduce 11


state 30
	stmt : for_stmt .  (12)

	.  reduce 12


state 31
	stmt_list : NEWLINE stmt . stmt_list  (4)
	stmt_list : .  (2)

	NEWLINE  shift 3
	DEF  shift 4
	RETURN  shift 5
	PRINT  shift 6
	LPAREN  shift 7
	LBRACKET  shift 8
	IF  shift 9
	WHILE  shift 10
	FOR  shift 11
	BREAK  shift 12
	CONTINUE  shift 13
	NOT  shift 14
	INT_LITERAL  shift 15
	FLOAT_LITERAL  shift 16
	STRING_LITERAL  shift 17
	ID  shift 18
	BOOL_LITERAL  shift 19
	DEDENT  reduce 2
	EOF  reduce 2

	stmt_list  goto 79
	stmt  goto 22
	vdecl  goto 23
	expr  goto 24
	function_stmt  goto 25
	return_stmt  goto 26
	print_stmt  goto 27
	if_stmt  goto 28
	while_stmt  goto 29
	for_stmt  goto 30


state 32
	function_stmt : DEF ID . LPAREN formals_opt RPAREN ARROW typ COLON block  (16)

	LPAREN  shift 80
	.  error


state 33
	expr : ID .  (44)
	expr : ID . ASSIGN expr  (45)
	expr : ID . PLUS_ASSIGN expr  (46)
	expr : ID . MINUS_ASSIGN expr  (47)
	expr : ID . TIMES_ASSIGN expr  (48)
	expr : ID . DIV_ASSIGN expr  (49)
	expr : ID . MOD_ASSIGN expr  (50)
	expr : ID . EXP_ASSIGN expr  (51)
	expr : ID . FDIV_ASSIGN expr  (52)
	expr : ID . LPAREN args_opt RPAREN  (53)

	LPAREN  shift 47
	ASSIGN  shift 48
	PLUS_ASSIGN  shift 49
	MINUS_ASSIGN  shift 50
	TIMES_ASSIGN  shift 51
	DIV_ASSIGN  shift 52
	MOD_ASSIGN  shift 53
	EXP_ASSIGN  shift 54
	FDIV_ASSIGN  shift 55
	COMMA  reduce 44
	COLON  reduce 44
	NEWLINE  reduce 44
	RPAREN  reduce 44
	RBRACKET  reduce 44
	IN  reduce 44
	PLUS  reduce 44
	MINUS  reduce 44
	TIMES  reduce 44
	DIVIDE  reduce 44
	MODULO  reduce 44
	EXP  reduce 44
	FDIVIDE  reduce 44
	EQ  reduce 44
	NEQ  reduce 44
	GT  reduce 44
	LT  reduce 44
	GEQ  reduce 44
	LEQ  reduce 44
	AND  reduce 44
	OR  reduce 44
	NOT  reduce 44


state 34
	return_stmt : RETURN expr .  (22)
	expr : expr . PLUS expr  (37)
	expr : expr . MINUS expr  (38)
	expr : expr . TIMES expr  (39)
	expr : expr . DIVIDE expr  (40)
	expr : expr . MODULO expr  (41)
	expr : expr . EXP expr  (42)
	expr : expr . FDIVIDE expr  (43)
	expr : expr . EQ expr  (54)
	expr : expr . NEQ expr  (55)
	expr : expr . GT expr  (56)
	expr : expr . LT expr  (57)
	expr : expr . GEQ expr  (58)
	expr : expr . LEQ expr  (59)
	expr : expr . AND expr  (60)
	expr : expr . OR expr  (61)
	expr : expr . IN expr  (63)
	expr : expr . NOT IN expr  (64)

	IN  shift 60
	PLUS  shift 61
	MINUS  shift 62
	TIMES  shift 63
	DIVIDE  shift 64
	MODULO  shift 65
	EXP  shift 66
	FDIVIDE  shift 67
	EQ  shift 68
	NEQ  shift 69
	GT  shift 70
	LT  shift 71
	GEQ  shift 72
	LEQ  shift 73
	AND  shift 74
	OR  shift 75
	NOT  shift 76
	NEWLINE  reduce 22


state 35
	print_stmt : PRINT LPAREN . expr RPAREN  (26)

	LPAREN  shift 7
	LBRACKET  shift 8
	NOT  shift 14
	INT_LITERAL  shift 15
	FLOAT_LITERAL  shift 16
	STRING_LITERAL  shift 17
	ID  shift 33
	BOOL_LITERAL  shift 19
	.  error

	expr  goto 81


state 36
	expr_list : expr .  (29)
	expr_list : expr . COMMA expr_list  (30)
	expr : expr . PLUS expr  (37)
	expr : expr . MINUS expr  (38)
	expr : expr . TIMES expr  (39)
	expr : expr . DIVIDE expr  (40)
	expr : expr . MODULO expr  (41)
	expr : expr . EXP expr  (42)
	expr : expr . FDIVIDE expr  (43)
	expr : expr . EQ expr  (54)
	expr : expr . NEQ expr  (55)
	expr : expr . GT expr  (56)
	expr : expr . LT expr  (57)
	expr : expr . GEQ expr  (58)
	expr : expr . LEQ expr  (59)
	expr : expr . AND expr  (60)
	expr : expr . OR expr  (61)
	expr : expr . IN expr  (63)
	expr : expr . NOT IN expr  (64)

	COMMA  shift 82
	IN  shift 60
	PLUS  shift 61
	MINUS  shift 62
	TIMES  shift 63
	DIVIDE  shift 64
	MODULO  shift 65
	EXP  shift 66
	FDIVIDE  shift 67
	EQ  shift 68
	NEQ  shift 69
	GT  shift 70
	LT  shift 71
	GEQ  shift 72
	LEQ  shift 73
	AND  shift 74
	OR  shift 75
	NOT  shift 76
	RPAREN  reduce 29
	RBRACKET  reduce 29


state 37
	expr : LPAREN expr_opt . RPAREN  (36)

	RPAREN  shift 83
	.  error


state 38
	expr_opt : expr_list .  (28)

	.  reduce 28


state 39
	expr : LBRACKET expr_opt . RBRACKET  (35)

	RBRACKET  shift 84
	.  error


state 40
	if_stmt : IF expr . COLON block  (23)
	expr : expr . PLUS expr  (37)
	expr : expr . MINUS expr  (38)
	expr : expr . TIMES expr  (39)
	expr : expr . DIVIDE expr  (40)
	expr : expr . MODULO expr  (41)
	expr : expr . EXP expr  (42)
	expr : expr . FDIVIDE expr  (43)
	expr : expr . EQ expr  (54)
	expr : expr . NEQ expr  (55)
	expr : expr . GT expr  (56)
	expr : expr . LT expr  (57)
	expr : expr . GEQ expr  (58)
	expr : expr . LEQ expr  (59)
	expr : expr . AND expr  (60)
	expr : expr . OR expr  (61)
	expr : expr . IN expr  (63)
	expr : expr . NOT IN expr  (64)

	COLON  shift 85
	IN  shift 60
	PLUS  shift 61
	MINUS  shift 62
	TIMES  shift 63
	DIVIDE  shift 64
	MODULO  shift 65
	EXP  shift 66
	FDIVIDE  shift 67
	EQ  shift 68
	NEQ  shift 69
	GT  shift 70
	LT  shift 71
	GEQ  shift 72
	LEQ  shift 73
	AND  shift 74
	OR  shift 75
	NOT  shift 76
	.  error


state 41
	while_stmt : WHILE expr . COLON block  (24)
	expr : expr . PLUS expr  (37)
	expr : expr . MINUS expr  (38)
	expr : expr . TIMES expr  (39)
	expr : expr . DIVIDE expr  (40)
	expr : expr . MODULO expr  (41)
	expr : expr . EXP expr  (42)
	expr : expr . FDIVIDE expr  (43)
	expr : expr . EQ expr  (54)
	expr : expr . NEQ expr  (55)
	expr : expr . GT expr  (56)
	expr : expr . LT expr  (57)
	expr : expr . GEQ expr  (58)
	expr : expr . LEQ expr  (59)
	expr : expr . AND expr  (60)
	expr : expr . OR expr  (61)
	expr : expr . IN expr  (63)
	expr : expr . NOT IN expr  (64)

	COLON  shift 86
	IN  shift 60
	PLUS  shift 61
	MINUS  shift 62
	TIMES  shift 63
	DIVIDE  shift 64
	MODULO  shift 65
	EXP  shift 66
	FDIVIDE  shift 67
	EQ  shift 68
	NEQ  shift 69
	GT  shift 70
	LT  shift 71
	GEQ  shift 72
	LEQ  shift 73
	AND  shift 74
	OR  shift 75
	NOT  shift 76
	.  error


state 42
	for_stmt : FOR ID . IN expr COLON block  (25)

	IN  shift 87
	.  error


state 43
	stmt : BREAK NEWLINE .  (13)

	.  reduce 13


state 44
	stmt : CONTINUE NEWLINE .  (14)

	.  reduce 14


state 45
	expr : expr . PLUS expr  (37)
	expr : expr . MINUS expr  (38)
	expr : expr . TIMES expr  (39)
	expr : expr . DIVIDE expr  (40)
	expr : expr . MODULO expr  (41)
	expr : expr . EXP expr  (42)
	expr : expr . FDIVIDE expr  (43)
	expr : expr . EQ expr  (54)
	expr : expr . NEQ expr  (55)
	expr : expr . GT expr  (56)
	expr : expr . LT expr  (57)
	expr : expr . GEQ expr  (58)
	expr : expr . LEQ expr  (59)
	expr : expr . AND expr  (60)
	expr : expr . OR expr  (61)
	expr : NOT expr .  (62)
	expr : expr . IN expr  (63)
	expr : expr . NOT IN expr  (64)

	IN  shift 60
	PLUS  shift 61
	MINUS  shift 62
	TIMES  shift 63
	DIVIDE  shift 64
	MODULO  shift 65
	EXP  shift 66
	FDIVIDE  shift 67
	EQ  shift 68
	NEQ  shift 69
	GT  shift 70
	LT  shift 71
	GEQ  shift 72
	LEQ  shift 73
	COMMA  reduce 62
	COLON  reduce 62
	NEWLINE  reduce 62
	RPAREN  reduce 62
	RBRACKET  reduce 62
	AND  reduce 62
	OR  reduce 62
	NOT  reduce 62


state 46
	vdecl : ID COLON . typ  (17)

	INT  shift 88
	BOOL  shift 89
	FLOAT  shift 90
	STRING  shift 91
	.  error

	typ  goto 92


state 47
	expr : ID LPAREN . args_opt RPAREN  (53)
	args_opt : .  (69)

	LPAREN  shift 7
	LBRACKET  shift 8
	NOT  shift 14
	INT_LITERAL  shift 15
	FLOAT_LITERAL  shift 16
	STRING_LITERAL  shift 17
	ID  shift 33
	BOOL_LITERAL  shift 19
	RPAREN  reduce 69

	expr  goto 93
	args_opt  goto 94
	args_list  goto 95


state 48
	expr : ID ASSIGN . expr  (45)

	LPAREN  shift 7
	LBRACKET  shift 8
	NOT  shift 14
	INT_LITERAL  shift 15
	FLOAT_LITERAL  shift 16
	STRING_LITERAL  shift 17
	ID  shift 33
	BOOL_LITERAL  shift 19
	.  error

	expr  goto 96


state 49
	expr : ID PLUS_ASSIGN . expr  (46)

	LPAREN  shift 7
	LBRACKET  shift 8
	NOT  shift 14
	INT_LITERAL  shift 15
	FLOAT_LITERAL  shift 16
	STRING_LITERAL  shift 17
	ID  shift 33
	BOOL_LITERAL  shift 19
	.  error

	expr  goto 97


state 50
	expr : ID MINUS_ASSIGN . expr  (47)

	LPAREN  shift 7
	LBRACKET  shift 8
	NOT  shift 14
	INT_LITERAL  shift 15
	FLOAT_LITERAL  shift 16
	STRING_LITERAL  shift 17
	ID  shift 33
	BOOL_LITERAL  shift 19
	.  error

	expr  goto 98


state 51
	expr : ID TIMES_ASSIGN . expr  (48)

	LPAREN  shift 7
	LBRACKET  shift 8
	NOT  shift 14
	INT_LITERAL  shift 15
	FLOAT_LITERAL  shift 16
	STRING_LITERAL  shift 17
	ID  shift 33
	BOOL_LITERAL  shift 19
	.  error

	expr  goto 99


state 52
	expr : ID DIV_ASSIGN . expr  (49)

	LPAREN  shift 7
	LBRACKET  shift 8
	NOT  shift 14
	INT_LITERAL  shift 15
	FLOAT_LITERAL  shift 16
	STRING_LITERAL  shift 17
	ID  shift 33
	BOOL_LITERAL  shift 19
	.  error

	expr  goto 100


state 53
	expr : ID MOD_ASSIGN . expr  (50)

	LPAREN  shift 7
	LBRACKET  shift 8
	NOT  shift 14
	INT_LITERAL  shift 15
	FLOAT_LITERAL  shift 16
	STRING_LITERAL  shift 17
	ID  shift 33
	BOOL_LITERAL  shift 19
	.  error

	expr  goto 101


state 54
	expr : ID EXP_ASSIGN . expr  (51)

	LPAREN  shift 7
	LBRACKET  shift 8
	NOT  shift 14
	INT_LITERAL  shift 15
	FLOAT_LITERAL  shift 16
	STRING_LITERAL  shift 17
	ID  shift 33
	BOOL_LITERAL  shift 19
	.  error

	expr  goto 102


state 55
	expr : ID FDIV_ASSIGN . expr  (52)

	LPAREN  shift 7
	LBRACKET  shift 8
	NOT  shift 14
	INT_LITERAL  shift 15
	FLOAT_LITERAL  shift 16
	STRING_LITERAL  shift 17
	ID  shift 33
	BOOL_LITERAL  shift 19
	.  error

	expr  goto 103


state 56
	program : stmt_list EOF .  (1)

	.  reduce 1


state 57
	stmt_list : stmt stmt_list .  (3)

	.  reduce 3


state 58
	stmt : vdecl NEWLINE .  (5)

	.  reduce 5


state 59
	stmt : expr NEWLINE .  (6)

	.  reduce 6


state 60
	expr : expr IN . expr  (63)

	LPAREN  shift 7
	LBRACKET  shift 8
	NOT  shift 14
	INT_LITERAL  shift 15
	FLOAT_LITERAL  shift 16
	STRING_LITERAL  shift 17
	ID  shift 33
	BOOL_LITERAL  shift 19
	.  error

	expr  goto 104


state 61
	expr : expr PLUS . expr  (37)

	LPAREN  shift 7
	LBRACKET  shift 8
	NOT  shift 14
	INT_LITERAL  shift 15
	FLOAT_LITERAL  shift 16
	STRING_LITERAL  shift 17
	ID  shift 33
	BOOL_LITERAL  shift 19
	.  error

	expr  goto 105


state 62
	expr : expr MINUS . expr  (38)

	LPAREN  shift 7
	LBRACKET  shift 8
	NOT  shift 14
	INT_LITERAL  shift 15
	FLOAT_LITERAL  shift 16
	STRING_LITERAL  shift 17
	ID  shift 33
	BOOL_LITERAL  shift 19
	.  error

	expr  goto 106


state 63
	expr : expr TIMES . expr  (39)

	LPAREN  shift 7
	LBRACKET  shift 8
	NOT  shift 14
	INT_LITERAL  shift 15
	FLOAT_LITERAL  shift 16
	STRING_LITERAL  shift 17
	ID  shift 33
	BOOL_LITERAL  shift 19
	.  error

	expr  goto 107


state 64
	expr : expr DIVIDE . expr  (40)

	LPAREN  shift 7
	LBRACKET  shift 8
	NOT  shift 14
	INT_LITERAL  shift 15
	FLOAT_LITERAL  shift 16
	STRING_LITERAL  shift 17
	ID  shift 33
	BOOL_LITERAL  shift 19
	.  error

	expr  goto 108


state 65
	expr : expr MODULO . expr  (41)

	LPAREN  shift 7
	LBRACKET  shift 8
	NOT  shift 14
	INT_LITERAL  shift 15
	FLOAT_LITERAL  shift 16
	STRING_LITERAL  shift 17
	ID  shift 33
	BOOL_LITERAL  shift 19
	.  error

	expr  goto 109


state 66
	expr : expr EXP . expr  (42)

	LPAREN  shift 7
	LBRACKET  shift 8
	NOT  shift 14
	INT_LITERAL  shift 15
	FLOAT_LITERAL  shift 16
	STRING_LITERAL  shift 17
	ID  shift 33
	BOOL_LITERAL  shift 19
	.  error

	expr  goto 110


state 67
	expr : expr FDIVIDE . expr  (43)

	LPAREN  shift 7
	LBRACKET  shift 8
	NOT  shift 14
	INT_LITERAL  shift 15
	FLOAT_LITERAL  shift 16
	STRING_LITERAL  shift 17
	ID  shift 33
	BOOL_LITERAL  shift 19
	.  error

	expr  goto 111


state 68
	expr : expr EQ . expr  (54)

	LPAREN  shift 7
	LBRACKET  shift 8
	NOT  shift 14
	INT_LITERAL  shift 15
	FLOAT_LITERAL  shift 16
	STRING_LITERAL  shift 17
	ID  shift 33
	BOOL_LITERAL  shift 19
	.  error

	expr  goto 112


state 69
	expr : expr NEQ . expr  (55)

	LPAREN  shift 7
	LBRACKET  shift 8
	NOT  shift 14
	INT_LITERAL  shift 15
	FLOAT_LITERAL  shift 16
	STRING_LITERAL  shift 17
	ID  shift 33
	BOOL_LITERAL  shift 19
	.  error

	expr  goto 113


state 70
	expr : expr GT . expr  (56)

	LPAREN  shift 7
	LBRACKET  shift 8
	NOT  shift 14
	INT_LITERAL  shift 15
	FLOAT_LITERAL  shift 16
	STRING_LITERAL  shift 17
	ID  shift 33
	BOOL_LITERAL  shift 19
	.  error

	expr  goto 114


state 71
	expr : expr LT . expr  (57)

	LPAREN  shift 7
	LBRACKET  shift 8
	NOT  shift 14
	INT_LITERAL  shift 15
	FLOAT_LITERAL  shift 16
	STRING_LITERAL  shift 17
	ID  shift 33
	BOOL_LITERAL  shift 19
	.  error

	expr  goto 115


state 72
	expr : expr GEQ . expr  (58)

	LPAREN  shift 7
	LBRACKET  shift 8
	NOT  shift 14
	INT_LITERAL  shift 15
	FLOAT_LITERAL  shift 16
	STRING_LITERAL  shift 17
	ID  shift 33
	BOOL_LITERAL  shift 19
	.  error

	expr  goto 116


state 73
	expr : expr LEQ . expr  (59)

	LPAREN  shift 7
	LBRACKET  shift 8
	NOT  shift 14
	INT_LITERAL  shift 15
	FLOAT_LITERAL  shift 16
	STRING_LITERAL  shift 17
	ID  shift 33
	BOOL_LITERAL  shift 19
	.  error

	expr  goto 117


state 74
	expr : expr AND . expr  (60)

	LPAREN  shift 7
	LBRACKET  shift 8
	NOT  shift 14
	INT_LITERAL  shift 15
	FLOAT_LITERAL  shift 16
	STRING_LITERAL  shift 17
	ID  shift 33
	BOOL_LITERAL  shift 19
	.  error

	expr  goto 118


state 75
	expr : expr OR . expr  (61)

	LPAREN  shift 7
	LBRACKET  shift 8
	NOT  shift 14
	INT_LITERAL  shift 15
	FLOAT_LITERAL  shift 16
	STRING_LITERAL  shift 17
	ID  shift 33
	BOOL_LITERAL  shift 19
	.  error

	expr  goto 119


state 76
	expr : expr NOT . IN expr  (64)

	IN  shift 120
	.  error


state 77
	stmt : return_stmt NEWLINE .  (8)

	.  reduce 8


state 78
	stmt : print_stmt NEWLINE .  (9)

	.  reduce 9


state 79
	stmt_list : NEWLINE stmt stmt_list .  (4)

	.  reduce 4


state 80
	function_stmt : DEF ID LPAREN . formals_opt RPAREN ARROW typ COLON block  (16)
	formals_opt : .  (18)

	ID  shift 121
	RPAREN  reduce 18

	vdecl  goto 122
	formals_opt  goto 123
	formals_list  goto 124


state 81
	print_stmt : PRINT LPAREN expr . RPAREN  (26)
	expr : expr . PLUS expr  (37)
	expr : expr . MINUS expr  (38)
	expr : expr . TIMES expr  (39)
	expr : expr . DIVIDE expr  (40)
	expr : expr . MODULO expr  (41)
	expr : expr . EXP expr  (42)
	expr : expr . FDIVIDE expr  (43)
	expr : expr . EQ expr  (54)
	expr : expr . NEQ expr  (55)
	expr : expr . GT expr  (56)
	expr : expr . LT expr  (57)
	expr : expr . GEQ expr  (58)
	expr : expr . LEQ expr  (59)
	expr : expr . AND expr  (60)
	expr : expr . OR expr  (61)
	expr : expr . IN expr  (63)
	expr : expr . NOT IN expr  (64)

	RPAREN  shift 125
	IN  shift 60
	PLUS  shift 61
	MINUS  shift 62
	TIMES  shift 63
	DIVIDE  shift 64
	MODULO  shift 65
	EXP  shift 66
	FDIVIDE  shift 67
	EQ  shift 68
	NEQ  shift 69
	GT  shift 70
	LT  shift 71
	GEQ  shift 72
	LEQ  shift 73
	AND  shift 74
	OR  shift 75
	NOT  shift 76
	.  error


state 82
	expr_list : expr COMMA . expr_list  (30)

	LPAREN  shift 7
	LBRACKET  shift 8
	NOT  shift 14
	INT_LITERAL  shift 15
	FLOAT_LITERAL  shift 16
	STRING_LITERAL  shift 17
	ID  shift 33
	BOOL_LITERAL  shift 19
	.  error

	expr  goto 36
	expr_list  goto 126


state 83
	expr : LPAREN expr_opt RPAREN .  (36)

	.  reduce 36


state 84
	expr : LBRACKET expr_opt RBRACKET .  (35)

	.  reduce 35


state 85
	if_stmt : IF expr COLON . block  (23)

	NEWLINE  shift 127
	.  error

	block  goto 128


state 86
	while_stmt : WHILE expr COLON . block  (24)

	NEWLINE  shift 127
	.  error

	block  goto 129


state 87
	for_stmt : FOR ID IN . expr COLON block  (25)

	LPAREN  shift 7
	LBRACKET  shift 8
	NOT  shift 14
	INT_LITERAL  shift 15
	FLOAT_LITERAL  shift 16
	STRING_LITERAL  shift 17
	ID  shift 33
	BOOL_LITERAL  shift 19
	.  error

	expr  goto 130


state 88
	typ : INT .  (65)

	.  reduce 65


state 89
	typ : BOOL .  (66)

	.  reduce 66


state 90
	typ : FLOAT .  (67)

	.  reduce 67


state 91
	typ : STRING .  (68)

	.  reduce 68


state 92
	vdecl : ID COLON typ .  (17)

	.  reduce 17


state 93
	expr : expr . PLUS expr  (37)
	expr : expr . MINUS expr  (38)
	expr : expr . TIMES expr  (39)
	expr : expr . DIVIDE expr  (40)
	expr : expr . MODULO expr  (41)
	expr : expr . EXP expr  (42)
	expr : expr . FDIVIDE expr  (43)
	expr : expr . EQ expr  (54)
	expr : expr . NEQ expr  (55)
	expr : expr . GT expr  (56)
	expr : expr . LT expr  (57)
	expr : expr . GEQ expr  (58)
	expr : expr . LEQ expr  (59)
	expr : expr . AND expr  (60)
	expr : expr . OR expr  (61)
	expr : expr . IN expr  (63)
	expr : expr . NOT IN expr  (64)
	args_list : expr .  (71)
	args_list : expr . COMMA args_list  (72)

	COMMA  shift 131
	IN  shift 60
	PLUS  shift 61
	MINUS  shift 62
	TIMES  shift 63
	DIVIDE  shift 64
	MODULO  shift 65
	EXP  shift 66
	FDIVIDE  shift 67
	EQ  shift 68
	NEQ  shift 69
	GT  shift 70
	LT  shift 71
	GEQ  shift 72
	LEQ  shift 73
	AND  shift 74
	OR  shift 75
	NOT  shift 76
	RPAREN  reduce 71


state 94
	expr : ID LPAREN args_opt . RPAREN  (53)

	RPAREN  shift 132
	.  error


state 95
	args_opt : args_list .  (70)

	.  reduce 70


state 96
	expr : expr . PLUS expr  (37)
	expr : expr . MINUS expr  (38)
	expr : expr . TIMES expr  (39)
	expr : expr . DIVIDE expr  (40)
	expr : expr . MODULO expr  (41)
	expr : expr . EXP expr  (42)
	expr : expr . FDIVIDE expr  (43)
	expr : ID ASSIGN expr .  (45)
	expr : expr . EQ expr  (54)
	expr : expr . NEQ expr  (55)
	expr : expr . GT expr  (56)
	expr : expr . LT expr  (57)
	expr : expr . GEQ expr  (58)
	expr : expr . LEQ expr  (59)
	expr : expr . AND expr  (60)
	expr : expr . OR expr  (61)
	expr : expr . IN expr  (63)
	expr : expr . NOT IN expr  (64)

	IN  shift 60
	PLUS  shift 61
	MINUS  shift 62
	TIMES  shift 63
	DIVIDE  shift 64
	MODULO  shift 65
	EXP  shift 66
	FDIVIDE  shift 67
	EQ  shift 68
	NEQ  shift 69
	GT  shift 70
	LT  shift 71
	GEQ  shift 72
	LEQ  shift 73
	AND  shift 74
	OR  shift 75
	NOT  shift 76
	COMMA  reduce 45
	COLON  reduce 45
	NEWLINE  reduce 45
	RPAREN  reduce 45
	RBRACKET  reduce 45


state 97
	expr : expr . PLUS expr  (37)
	expr : expr . MINUS expr  (38)
	expr : expr . TIMES expr  (39)
	expr : expr . DIVIDE expr  (40)
	expr : expr . MODULO expr  (41)
	expr : expr . EXP expr  (42)
	expr : expr . FDIVIDE expr  (43)
	expr : ID PLUS_ASSIGN expr .  (46)
	expr : expr . EQ expr  (54)
	expr : expr . NEQ expr  (55)
	expr : expr . GT expr  (56)
	expr : expr . LT expr  (57)
	expr : expr . GEQ expr  (58)
	expr : expr . LEQ expr  (59)
	expr : expr . AND expr  (60)
	expr : expr . OR expr  (61)
	expr : expr . IN expr  (63)
	expr : expr . NOT IN expr  (64)

	IN  shift 60
	PLUS  shift 61
	MINUS  shift 62
	TIMES  shift 63
	DIVIDE  shift 64
	MODULO  shift 65
	EXP  shift 66
	FDIVIDE  shift 67
	EQ  shift 68
	NEQ  shift 69
	GT  shift 70
	LT  shift 71
	GEQ  shift 72
	LEQ  shift 73
	AND  shift 74
	OR  shift 75
	NOT  shift 76
	COMMA  reduce 46
	COLON  reduce 46
	NEWLINE  reduce 46
	RPAREN  reduce 46
	RBRACKET  reduce 46


state 98
	expr : expr . PLUS expr  (37)
	expr : expr . MINUS expr  (38)
	expr : expr . TIMES expr  (39)
	expr : expr . DIVIDE expr  (40)
	expr : expr . MODULO expr  (41)
	expr : expr . EXP expr  (42)
	expr : expr . FDIVIDE expr  (43)
	expr : ID MINUS_ASSIGN expr .  (47)
	expr : expr . EQ expr  (54)
	expr : expr . NEQ expr  (55)
	expr : expr . GT expr  (56)
	expr : expr . LT expr  (57)
	expr : expr . GEQ expr  (58)
	expr : expr . LEQ expr  (59)
	expr : expr . AND expr  (60)
	expr : expr . OR expr  (61)
	expr : expr . IN expr  (63)
	expr : expr . NOT IN expr  (64)

	IN  shift 60
	PLUS  shift 61
	MINUS  shift 62
	TIMES  shift 63
	DIVIDE  shift 64
	MODULO  shift 65
	EXP  shift 66
	FDIVIDE  shift 67
	EQ  shift 68
	NEQ  shift 69
	GT  shift 70
	LT  shift 71
	GEQ  shift 72
	LEQ  shift 73
	AND  shift 74
	OR  shift 75
	NOT  shift 76
	COMMA  reduce 47
	COLON  reduce 47
	NEWLINE  reduce 47
	RPAREN  reduce 47
	RBRACKET  reduce 47


state 99
	expr : expr . PLUS expr  (37)
	expr : expr . MINUS expr  (38)
	expr : expr . TIMES expr  (39)
	expr : expr . DIVIDE expr  (40)
	expr : expr . MODULO expr  (41)
	expr : expr . EXP expr  (42)
	expr : expr . FDIVIDE expr  (43)
	expr : ID TIMES_ASSIGN expr .  (48)
	expr : expr . EQ expr  (54)
	expr : expr . NEQ expr  (55)
	expr : expr . GT expr  (56)
	expr : expr . LT expr  (57)
	expr : expr . GEQ expr  (58)
	expr : expr . LEQ expr  (59)
	expr : expr . AND expr  (60)
	expr : expr . OR expr  (61)
	expr : expr . IN expr  (63)
	expr : expr . NOT IN expr  (64)

	IN  shift 60
	PLUS  shift 61
	MINUS  shift 62
	TIMES  shift 63
	DIVIDE  shift 64
	MODULO  shift 65
	EXP  shift 66
	FDIVIDE  shift 67
	EQ  shift 68
	NEQ  shift 69
	GT  shift 70
	LT  shift 71
	GEQ  shift 72
	LEQ  shift 73
	AND  shift 74
	OR  shift 75
	NOT  shift 76
	COMMA  reduce 48
	COLON  reduce 48
	NEWLINE  reduce 48
	RPAREN  reduce 48
	RBRACKET  reduce 48


state 100
	expr : expr . PLUS expr  (37)
	expr : expr . MINUS expr  (38)
	expr : expr . TIMES expr  (39)
	expr : expr . DIVIDE expr  (40)
	expr : expr . MODULO expr  (41)
	expr : expr . EXP expr  (42)
	expr : expr . FDIVIDE expr  (43)
	expr : ID DIV_ASSIGN expr .  (49)
	expr : expr . EQ expr  (54)
	expr : expr . NEQ expr  (55)
	expr : expr . GT expr  (56)
	expr : expr . LT expr  (57)
	expr : expr . GEQ expr  (58)
	expr : expr . LEQ expr  (59)
	expr : expr . AND expr  (60)
	expr : expr . OR expr  (61)
	expr : expr . IN expr  (63)
	expr : expr . NOT IN expr  (64)

	IN  shift 60
	PLUS  shift 61
	MINUS  shift 62
	TIMES  shift 63
	DIVIDE  shift 64
	MODULO  shift 65
	EXP  shift 66
	FDIVIDE  shift 67
	EQ  shift 68
	NEQ  shift 69
	GT  shift 70
	LT  shift 71
	GEQ  shift 72
	LEQ  shift 73
	AND  shift 74
	OR  shift 75
	NOT  shift 76
	COMMA  reduce 49
	COLON  reduce 49
	NEWLINE  reduce 49
	RPAREN  reduce 49
	RBRACKET  reduce 49


state 101
	expr : expr . PLUS expr  (37)
	expr : expr . MINUS expr  (38)
	expr : expr . TIMES expr  (39)
	expr : expr . DIVIDE expr  (40)
	expr : expr . MODULO expr  (41)
	expr : expr . EXP expr  (42)
	expr : expr . FDIVIDE expr  (43)
	expr : ID MOD_ASSIGN expr .  (50)
	expr : expr . EQ expr  (54)
	expr : expr . NEQ expr  (55)
	expr : expr . GT expr  (56)
	expr : expr . LT expr  (57)
	expr : expr . GEQ expr  (58)
	expr : expr . LEQ expr  (59)
	expr : expr . AND expr  (60)
	expr : expr . OR expr  (61)
	expr : expr . IN expr  (63)
	expr : expr . NOT IN expr  (64)

	IN  shift 60
	PLUS  shift 61
	MINUS  shift 62
	TIMES  shift 63
	DIVIDE  shift 64
	MODULO  shift 65
	EXP  shift 66
	FDIVIDE  shift 67
	EQ  shift 68
	NEQ  shift 69
	GT  shift 70
	LT  shift 71
	GEQ  shift 72
	LEQ  shift 73
	AND  shift 74
	OR  shift 75
	NOT  shift 76
	COMMA  reduce 50
	COLON  reduce 50
	NEWLINE  reduce 50
	RPAREN  reduce 50
	RBRACKET  reduce 50


state 102
	expr : expr . PLUS expr  (37)
	expr : expr . MINUS expr  (38)
	expr : expr . TIMES expr  (39)
	expr : expr . DIVIDE expr  (40)
	expr : expr . MODULO expr  (41)
	expr : expr . EXP expr  (42)
	expr : expr . FDIVIDE expr  (43)
	expr : ID EXP_ASSIGN expr .  (51)
	expr : expr . EQ expr  (54)
	expr : expr . NEQ expr  (55)
	expr : expr . GT expr  (56)
	expr : expr . LT expr  (57)
	expr : expr . GEQ expr  (58)
	expr : expr . LEQ expr  (59)
	expr : expr . AND expr  (60)
	expr : expr . OR expr  (61)
	expr : expr . IN expr  (63)
	expr : expr . NOT IN expr  (64)

	IN  shift 60
	PLUS  shift 61
	MINUS  shift 62
	TIMES  shift 63
	DIVIDE  shift 64
	MODULO  shift 65
	EXP  shift 66
	FDIVIDE  shift 67
	EQ  shift 68
	NEQ  shift 69
	GT  shift 70
	LT  shift 71
	GEQ  shift 72
	LEQ  shift 73
	AND  shift 74
	OR  shift 75
	NOT  shift 76
	COMMA  reduce 51
	COLON  reduce 51
	NEWLINE  reduce 51
	RPAREN  reduce 51
	RBRACKET  reduce 51


state 103
	expr : expr . PLUS expr  (37)
	expr : expr . MINUS expr  (38)
	expr : expr . TIMES expr  (39)
	expr : expr . DIVIDE expr  (40)
	expr : expr . MODULO expr  (41)
	expr : expr . EXP expr  (42)
	expr : expr . FDIVIDE expr  (43)
	expr : ID FDIV_ASSIGN expr .  (52)
	expr : expr . EQ expr  (54)
	expr : expr . NEQ expr  (55)
	expr : expr . GT expr  (56)
	expr : expr . LT expr  (57)
	expr : expr . GEQ expr  (58)
	expr : expr . LEQ expr  (59)
	expr : expr . AND expr  (60)
	expr : expr . OR expr  (61)
	expr : expr . IN expr  (63)
	expr : expr . NOT IN expr  (64)

	IN  shift 60
	PLUS  shift 61
	MINUS  shift 62
	TIMES  shift 63
	DIVIDE  shift 64
	MODULO  shift 65
	EXP  shift 66
	FDIVIDE  shift 67
	EQ  shift 68
	NEQ  shift 69
	GT  shift 70
	LT  shift 71
	GEQ  shift 72
	LEQ  shift 73
	AND  shift 74
	OR  shift 75
	NOT  shift 76
	COMMA  reduce 52
	COLON  reduce 52
	NEWLINE  reduce 52
	RPAREN  reduce 52
	RBRACKET  reduce 52


state 104
	expr : expr . PLUS expr  (37)
	expr : expr . MINUS expr  (38)
	expr : expr . TIMES expr  (39)
	expr : expr . DIVIDE expr  (40)
	expr : expr . MODULO expr  (41)
	expr : expr . EXP expr  (42)
	expr : expr . FDIVIDE expr  (43)
	expr : expr . EQ expr  (54)
	expr : expr . NEQ expr  (55)
	expr : expr . GT expr  (56)
	expr : expr . LT expr  (57)
	expr : expr . GEQ expr  (58)
	expr : expr . LEQ expr  (59)
	expr : expr . AND expr  (60)
	expr : expr . OR expr  (61)
	expr : expr . IN expr  (63)
	expr : expr IN expr .  (63)
	expr : expr . NOT IN expr  (64)

	PLUS  shift 61
	MINUS  shift 62
	TIMES  shift 63
	DIVIDE  shift 64
	MODULO  shift 65
	EXP  shift 66
	FDIVIDE  shift 67
	EQ  shift 68
	NEQ  shift 69
	GT  shift 70
	LT  shift 71
	GEQ  shift 72
	LEQ  shift 73
	COMMA  reduce 63
	COLON  reduce 63
	NEWLINE  reduce 63
	RPAREN  reduce 63
	RBRACKET  reduce 63
	IN  reduce 63
	AND  reduce 63
	OR  reduce 63
	NOT  reduce 63


state 105
	expr : expr . PLUS expr  (37)
	expr : expr PLUS expr .  (37)
	expr : expr . MINUS expr  (38)
	expr : expr . TIMES expr  (39)
	expr : expr . DIVIDE expr  (40)
	expr : expr . MODULO expr  (41)
	expr : expr . EXP expr  (42)
	expr : expr . FDIVIDE expr  (43)
	expr : expr . EQ expr  (54)
	expr : expr . NEQ expr  (55)
	expr : expr . GT expr  (56)
	expr : expr . LT expr  (57)
	expr : expr . GEQ expr  (58)
	expr : expr . LEQ expr  (59)
	expr : expr . AND expr  (60)
	expr : expr . OR expr  (61)
	expr : expr . IN expr  (63)
	expr : expr . NOT IN expr  (64)

	TIMES  shift 63
	DIVIDE  shift 64
	MODULO  shift 65
	EXP  shift 66
	FDIVIDE  shift 67
	COMMA  reduce 37
	COLON  reduce 37
	NEWLINE  reduce 37
	RPAREN  reduce 37
	RBRACKET  reduce 37
	IN  reduce 37
	PLUS  reduce 37
	MINUS  reduce 37
	EQ  reduce 37
	NEQ  reduce 37
	GT  reduce 37
	LT  reduce 37
	GEQ  reduce 37
	LEQ  reduce 37
	AND  reduce 37
	OR  reduce 37
	NOT  reduce 37


state 106
	expr : expr . PLUS expr  (37)
	expr : expr . MINUS expr  (38)
	expr : expr MINUS expr .  (38)
	expr : expr . TIMES expr  (39)
	expr : expr . DIVIDE expr  (40)
	expr : expr . MODULO expr  (41)
	expr : expr . EXP expr  (42)
	expr : expr . FDIVIDE expr  (43)
	expr : expr . EQ expr  (54)
	expr : expr . NEQ expr  (55)
	expr : expr . GT expr  (56)
	expr : expr . LT expr  (57)
	expr : expr . GEQ expr  (58)
	expr : expr . LEQ expr  (59)
	expr : expr . AND expr  (60)
	expr : expr . OR expr  (61)
	expr : expr . IN expr  (63)
	expr : expr . NOT IN expr  (64)

	TIMES  shift 63
	DIVIDE  shift 64
	MODULO  shift 65
	EXP  shift 66
	FDIVIDE  shift 67
	COMMA  reduce 38
	COLON  reduce 38
	NEWLINE  reduce 38
	RPAREN  reduce 38
	RBRACKET  reduce 38
	IN  reduce 38
	PLUS  reduce 38
	MINUS  reduce 38
	EQ  reduce 38
	NEQ  reduce 38
	GT  reduce 38
	LT  reduce 38
	GEQ  reduce 38
	LEQ  reduce 38
	AND  reduce 38
	OR  reduce 38
	NOT  reduce 38


state 107
	expr : expr . PLUS expr  (37)
	expr : expr . MINUS expr  (38)
	expr : expr . TIMES expr  (39)
	expr : expr TIMES expr .  (39)
	expr : expr . DIVIDE expr  (40)
	expr : expr . MODULO expr  (41)
	expr : expr . EXP expr  (42)
	expr : expr . FDIVIDE expr  (43)
	expr : expr . EQ expr  (54)
	expr : expr . NEQ expr  (55)
	expr : expr . GT expr  (56)
	expr : expr . LT expr  (57)
	expr : expr . GEQ expr  (58)
	expr : expr . LEQ expr  (59)
	expr : expr . AND expr  (60)
	expr : expr . OR expr  (61)
	expr : expr . IN expr  (63)
	expr : expr . NOT IN expr  (64)

	MODULO  shift 65
	EXP  shift 66
	COMMA  reduce 39
	COLON  reduce 39
	NEWLINE  reduce 39
	RPAREN  reduce 39
	RBRACKET  reduce 39
	IN  reduce 39
	PLUS  reduce 39
	MINUS  reduce 39
	TIMES  reduce 39
	DIVIDE  reduce 39
	FDIVIDE  reduce 39
	EQ  reduce 39
	NEQ  reduce 39
	GT  reduce 39
	LT  reduce 39
	GEQ  reduce 39
	LEQ  reduce 39
	AND  reduce 39
	OR  reduce 39
	NOT  reduce 39


state 108
	expr : expr . PLUS expr  (37)
	expr : expr . MINUS expr  (38)
	expr : expr . TIMES expr  (39)
	expr : expr . DIVIDE expr  (40)
	expr : expr DIVIDE expr .  (40)
	expr : expr . MODULO expr  (41)
	expr : expr . EXP expr  (42)
	expr : expr . FDIVIDE expr  (43)
	expr : expr . EQ expr  (54)
	expr : expr . NEQ expr  (55)
	expr : expr . GT expr  (56)
	expr : expr . LT expr  (57)
	expr : expr . GEQ expr  (58)
	expr : expr . LEQ expr  (59)
	expr : expr . AND expr  (60)
	expr : expr . OR expr  (61)
	expr : expr . IN expr  (63)
	expr : expr . NOT IN expr  (64)

	MODULO  shift 65
	EXP  shift 66
	COMMA  reduce 40
	COLON  reduce 40
	NEWLINE  reduce 40
	RPAREN  reduce 40
	RBRACKET  reduce 40
	IN  reduce 40
	PLUS  reduce 40
	MINUS  reduce 40
	TIMES  reduce 40
	DIVIDE  reduce 40
	FDIVIDE  reduce 40
	EQ  reduce 40
	NEQ  reduce 40
	GT  reduce 40
	LT  reduce 40
	GEQ  reduce 40
	LEQ  reduce 40
	AND  reduce 40
	OR  reduce 40
	NOT  reduce 40


state 109
	expr : expr . PLUS expr  (37)
	expr : expr . MINUS expr  (38)
	expr : expr . TIMES expr  (39)
	expr : expr . DIVIDE expr  (40)
	expr : expr . MODULO expr  (41)
	expr : expr MODULO expr .  (41)
	expr : expr . EXP expr  (42)
	expr : expr . FDIVIDE expr  (43)
	expr : expr . EQ expr  (54)
	expr : expr . NEQ expr  (55)
	expr : expr . GT expr  (56)
	expr : expr . LT expr  (57)
	expr : expr . GEQ expr  (58)
	expr : expr . LEQ expr  (59)
	expr : expr . AND expr  (60)
	expr : expr . OR expr  (61)
	expr : expr . IN expr  (63)
	expr : expr . NOT IN expr  (64)

	EXP  shift 66
	COMMA  reduce 41
	COLON  reduce 41
	NEWLINE  reduce 41
	RPAREN  reduce 41
	RBRACKET  reduce 41
	IN  reduce 41
	PLUS  reduce 41
	MINUS  reduce 41
	TIMES  reduce 41
	DIVIDE  reduce 41
	MODULO  reduce 41
	FDIVIDE  reduce 41
	EQ  reduce 41
	NEQ  reduce 41
	GT  reduce 41
	LT  reduce 41
	GEQ  reduce 41
	LEQ  reduce 41
	AND  reduce 41
	OR  reduce 41
	NOT  reduce 41


state 110
	expr : expr . PLUS expr  (37)
	expr : expr . MINUS expr  (38)
	expr : expr . TIMES expr  (39)
	expr : expr . DIVIDE expr  (40)
	expr : expr . MODULO expr  (41)
	expr : expr . EXP expr  (42)
	expr : expr EXP expr .  (42)
	expr : expr . FDIVIDE expr  (43)
	expr : expr . EQ expr  (54)
	expr : expr . NEQ expr  (55)
	expr : expr . GT expr  (56)
	expr : expr . LT expr  (57)
	expr : expr . GEQ expr  (58)
	expr : expr . LEQ expr  (59)
	expr : expr . AND expr  (60)
	expr : expr . OR expr  (61)
	expr : expr . IN expr  (63)
	expr : expr . NOT IN expr  (64)

	.  reduce 42


state 111
	expr : expr . PLUS expr  (37)
	expr : expr . MINUS expr  (38)
	expr : expr . TIMES expr  (39)
	expr : expr . DIVIDE expr  (40)
	expr : expr . MODULO expr  (41)
	expr : expr . EXP expr  (42)
	expr : expr . FDIVIDE expr  (43)
	expr : expr FDIVIDE expr .  (43)
	expr : expr . EQ expr  (54)
	expr : expr . NEQ expr  (55)
	expr : expr . GT expr  (56)
	expr : expr . LT expr  (57)
	expr : expr . GEQ expr  (58)
	expr : expr . LEQ expr  (59)
	expr : expr . AND expr  (60)
	expr : expr . OR expr  (61)
	expr : expr . IN expr  (63)
	expr : expr . NOT IN expr  (64)

	MODULO  shift 65
	EXP  shift 66
	COMMA  reduce 43
	COLON  reduce 43
	NEWLINE  reduce 43
	RPAREN  reduce 43
	RBRACKET  reduce 43
	IN  reduce 43
	PLUS  reduce 43
	MINUS  reduce 43
	TIMES  reduce 43
	DIVIDE  reduce 43
	FDIVIDE  reduce 43
	EQ  reduce 43
	NEQ  reduce 43
	GT  reduce 43
	LT  reduce 43
	GEQ  reduce 43
	LEQ  reduce 43
	AND  reduce 43
	OR  reduce 43
	NOT  reduce 43


state 112
	expr : expr . PLUS expr  (37)
	expr : expr . MINUS expr  (38)
	expr : expr . TIMES expr  (39)
	expr : expr . DIVIDE expr  (40)
	expr : expr . MODULO expr  (41)
	expr : expr . EXP expr  (42)
	expr : expr . FDIVIDE expr  (43)
	expr : expr . EQ expr  (54)
	expr : expr EQ expr .  (54)
	expr : expr . NEQ expr  (55)
	expr : expr . GT expr  (56)
	expr : expr . LT expr  (57)
	expr : expr . GEQ expr  (58)
	expr : expr . LEQ expr  (59)
	expr : expr . AND expr  (60)
	expr : expr . OR expr  (61)
	expr : expr . IN expr  (63)
	expr : expr . NOT IN expr  (64)

	PLUS  shift 61
	MINUS  shift 62
	TIMES  shift 63
	DIVIDE  shift 64
	MODULO  shift 65
	EXP  shift 66
	FDIVIDE  shift 67
	GT  shift 70
	LT  shift 71
	GEQ  shift 72
	LEQ  shift 73
	COMMA  reduce 54
	COLON  reduce 54
	NEWLINE  reduce 54
	RPAREN  reduce 54
	RBRACKET  reduce 54
	IN  reduce 54
	EQ  reduce 54
	NEQ  reduce 54
	AND  reduce 54
	OR  reduce 54
	NOT  reduce 54


state 113
	expr : expr . PLUS expr  (37)
	expr : expr . MINUS expr  (38)
	expr : expr . TIMES expr  (39)
	expr : expr . DIVIDE expr  (40)
	expr : expr . MODULO expr  (41)
	expr : expr . EXP expr  (42)
	expr : expr . FDIVIDE expr  (43)
	expr : expr . EQ expr  (54)
	expr : expr . NEQ expr  (55)
	expr : expr NEQ expr .  (55)
	expr : expr . GT expr  (56)
	expr : expr . LT expr  (57)
	expr : expr . GEQ expr  (58)
	expr : expr . LEQ expr  (59)
	expr : expr . AND expr  (60)
	expr : expr . OR expr  (61)
	expr : expr . IN expr  (63)
	expr : expr . NOT IN expr  (64)

	PLUS  shift 61
	MINUS  shift 62
	TIMES  shift 63
	DIVIDE  shift 64
	MODULO  shift 65
	EXP  shift 66
	FDIVIDE  shift 67
	GT  shift 70
	LT  shift 71
	GEQ  shift 72
	LEQ  shift 73
	COMMA  reduce 55
	COLON  reduce 55
	NEWLINE  reduce 55
	RPAREN  reduce 55
	RBRACKET  reduce 55
	IN  reduce 55
	EQ  reduce 55
	NEQ  reduce 55
	AND  reduce 55
	OR  reduce 55
	NOT  reduce 55


state 114
	expr : expr . PLUS expr  (37)
	expr : expr . MINUS expr  (38)
	expr : expr . TIMES expr  (39)
	expr : expr . DIVIDE expr  (40)
	expr : expr . MODULO expr  (41)
	expr : expr . EXP expr  (42)
	expr : expr . FDIVIDE expr  (43)
	expr : expr . EQ expr  (54)
	expr : expr . NEQ expr  (55)
	expr : expr . GT expr  (56)
	expr : expr GT expr .  (56)
	expr : expr . LT expr  (57)
	expr : expr . GEQ expr  (58)
	expr : expr . LEQ expr  (59)
	expr : expr . AND expr  (60)
	expr : expr . OR expr  (61)
	expr : expr . IN expr  (63)
	expr : expr . NOT IN expr  (64)

	PLUS  shift 61
	MINUS  shift 62
	TIMES  shift 63
	DIVIDE  shift 64
	MODULO  shift 65
	EXP  shift 66
	FDIVIDE  shift 67
	GEQ  shift 72
	LEQ  shift 73
	COMMA  reduce 56
	COLON  reduce 56
	NEWLINE  reduce 56
	RPAREN  reduce 56
	RBRACKET  reduce 56
	IN  reduce 56
	EQ  reduce 56
	NEQ  reduce 56
	GT  reduce 56
	LT  reduce 56
	AND  reduce 56
	OR  reduce 56
	NOT  reduce 56


state 115
	expr : expr . PLUS expr  (37)
	expr : expr . MINUS expr  (38)
	expr : expr . TIMES expr  (39)
	expr : expr . DIVIDE expr  (40)
	expr : expr . MODULO expr  (41)
	expr : expr . EXP expr  (42)
	expr : expr . FDIVIDE expr  (43)
	expr : expr . EQ expr  (54)
	expr : expr . NEQ expr  (55)
	expr : expr . GT expr  (56)
	expr : expr . LT expr  (57)
	expr : expr LT expr .  (57)
	expr : expr . GEQ expr  (58)
	expr : expr . LEQ expr  (59)
	expr : expr . AND expr  (60)
	expr : expr . OR expr  (61)
	expr : expr . IN expr  (63)
	expr : expr . NOT IN expr  (64)

	PLUS  shift 61
	MINUS  shift 62
	TIMES  shift 63
	DIVIDE  shift 64
	MODULO  shift 65
	EXP  shift 66
	FDIVIDE  shift 67
	GEQ  shift 72
	LEQ  shift 73
	COMMA  reduce 57
	COLON  reduce 57
	NEWLINE  reduce 57
	RPAREN  reduce 57
	RBRACKET  reduce 57
	IN  reduce 57
	EQ  reduce 57
	NEQ  reduce 57
	GT  reduce 57
	LT  reduce 57
	AND  reduce 57
	OR  reduce 57
	NOT  reduce 57


state 116
	expr : expr . PLUS expr  (37)
	expr : expr . MINUS expr  (38)
	expr : expr . TIMES expr  (39)
	expr : expr . DIVIDE expr  (40)
	expr : expr . MODULO expr  (41)
	expr : expr . EXP expr  (42)
	expr : expr . FDIVIDE expr  (43)
	expr : expr . EQ expr  (54)
	expr : expr . NEQ expr  (55)
	expr : expr . GT expr  (56)
	expr : expr . LT expr  (57)
	expr : expr . GEQ expr  (58)
	expr : expr GEQ expr .  (58)
	expr : expr . LEQ expr  (59)
	expr : expr . AND expr  (60)
	expr : expr . OR expr  (61)
	expr : expr . IN expr  (63)
	expr : expr . NOT IN expr  (64)

	PLUS  shift 61
	MINUS  shift 62
	TIMES  shift 63
	DIVIDE  shift 64
	MODULO  shift 65
	EXP  shift 66
	FDIVIDE  shift 67
	COMMA  reduce 58
	COLON  reduce 58
	NEWLINE  reduce 58
	RPAREN  reduce 58
	RBRACKET  reduce 58
	IN  reduce 58
	EQ  reduce 58
	NEQ  reduce 58
	GT  reduce 58
	LT  reduce 58
	GEQ  reduce 58
	LEQ  reduce 58
	AND  reduce 58
	OR  reduce 58
	NOT  reduce 58


state 117
	expr : expr . PLUS expr  (37)
	expr : expr . MINUS expr  (38)
	expr : expr . TIMES expr  (39)
	expr : expr . DIVIDE expr  (40)
	expr : expr . MODULO expr  (41)
	expr : expr . EXP expr  (42)
	expr : expr . FDIVIDE expr  (43)
	expr : expr . EQ expr  (54)
	expr : expr . NEQ expr  (55)
	expr : expr . GT expr  (56)
	expr : expr . LT expr  (57)
	expr : expr . GEQ expr  (58)
	expr : expr . LEQ expr  (59)
	expr : expr LEQ expr .  (59)
	expr : expr . AND expr  (60)
	expr : expr . OR expr  (61)
	expr : expr . IN expr  (63)
	expr : expr . NOT IN expr  (64)

	PLUS  shift 61
	MINUS  shift 62
	TIMES  shift 63
	DIVIDE  shift 64
	MODULO  shift 65
	EXP  shift 66
	FDIVIDE  shift 67
	COMMA  reduce 59
	COLON  reduce 59
	NEWLINE  reduce 59
	RPAREN  reduce 59
	RBRACKET  reduce 59
	IN  reduce 59
	EQ  reduce 59
	NEQ  reduce 59
	GT  reduce 59
	LT  reduce 59
	GEQ  reduce 59
	LEQ  reduce 59
	AND  reduce 59
	OR  reduce 59
	NOT  reduce 59


state 118
	expr : expr . PLUS expr  (37)
	expr : expr . MINUS expr  (38)
	expr : expr . TIMES expr  (39)
	expr : expr . DIVIDE expr  (40)
	expr : expr . MODULO expr  (41)
	expr : expr . EXP expr  (42)
	expr : expr . FDIVIDE expr  (43)
	expr : expr . EQ expr  (54)
	expr : expr . NEQ expr  (55)
	expr : expr . GT expr  (56)
	expr : expr . LT expr  (57)
	expr : expr . GEQ expr  (58)
	expr : expr . LEQ expr  (59)
	expr : expr . AND expr  (60)
	expr : expr AND expr .  (60)
	expr : expr . OR expr  (61)
	expr : expr . IN expr  (63)
	expr : expr . NOT IN expr  (64)

	IN  shift 60
	PLUS  shift 61
	MINUS  shift 62
	TIMES  shift 63
	DIVIDE  shift 64
	MODULO  shift 65
	EXP  shift 66
	FDIVIDE  shift 67
	EQ  shift 68
	NEQ  shift 69
	GT  shift 70
	LT  shift 71
	GEQ  shift 72
	LEQ  shift 73
	NOT  shift 76
	COMMA  reduce 60
	COLON  reduce 60
	NEWLINE  reduce 60
	RPAREN  reduce 60
	RBRACKET  reduce 60
	AND  reduce 60
	OR  reduce 60


state 119
	expr : expr . PLUS expr  (37)
	expr : expr . MINUS expr  (38)
	expr : expr . TIMES expr  (39)
	expr : expr . DIVIDE expr  (40)
	expr : expr . MODULO expr  (41)
	expr : expr . EXP expr  (42)
	expr : expr . FDIVIDE expr  (43)
	expr : expr . EQ expr  (54)
	expr : expr . NEQ expr  (55)
	expr : expr . GT expr  (56)
	expr : expr . LT expr  (57)
	expr : expr . GEQ expr  (58)
	expr : expr . LEQ expr  (59)
	expr : expr . AND expr  (60)
	expr : expr . OR expr  (61)
	expr : expr OR expr .  (61)
	expr : expr . IN expr  (63)
	expr : expr . NOT IN expr  (64)

	IN  shift 60
	PLUS  shift 61
	MINUS  shift 62
	TIMES  shift 63
	DIVIDE  shift 64
	MODULO  shift 65
	EXP  shift 66
	FDIVIDE  shift 67
	EQ  shift 68
	NEQ  shift 69
	GT  shift 70
	LT  shift 71
	GEQ  shift 72
	LEQ  shift 73
	AND  shift 74
	NOT  shift 76
	COMMA  reduce 61
	COLON  reduce 61
	NEWLINE  reduce 61
	RPAREN  reduce 61
	RBRACKET  reduce 61
	OR  reduce 61


state 120
	expr : expr NOT IN . expr  (64)

	LPAREN  shift 7
	LBRACKET  shift 8
	NOT  shift 14
	INT_LITERAL  shift 15
	FLOAT_LITERAL  shift 16
	STRING_LITERAL  shift 17
	ID  shift 33
	BOOL_LITERAL  shift 19
	.  error

	expr  goto 133


state 121
	vdecl : ID . COLON typ  (17)

	COLON  shift 46
	.  error


state 122
	formals_list : vdecl .  (20)
	formals_list : vdecl . COMMA formals_list  (21)

	COMMA  shift 134
	RPAREN  reduce 20


state 123
	function_stmt : DEF ID LPAREN formals_opt . RPAREN ARROW typ COLON block  (16)

	RPAREN  shift 135
	.  error


state 124
	formals_opt : formals_list .  (19)

	.  reduce 19


state 125
	print_stmt : PRINT LPAREN expr RPAREN .  (26)

	.  reduce 26


state 126
	expr_list : expr COMMA expr_list .  (30)

	.  reduce 30


state 127
	block : NEWLINE . INDENT stmt_list DEDENT  (15)

	INDENT  shift 136
	.  error


state 128
	if_stmt : IF expr COLON block .  (23)

	.  reduce 23


state 129
	while_stmt : WHILE expr COLON block .  (24)

	.  reduce 24


state 130
	for_stmt : FOR ID IN expr . COLON block  (25)
	expr : expr . PLUS expr  (37)
	expr : expr . MINUS expr  (38)
	expr : expr . TIMES expr  (39)
	expr : expr . DIVIDE expr  (40)
	expr : expr . MODULO expr  (41)
	expr : expr . EXP expr  (42)
	expr : expr . FDIVIDE expr  (43)
	expr : expr . EQ expr  (54)
	expr : expr . NEQ expr  (55)
	expr : expr . GT expr  (56)
	expr : expr . LT expr  (57)
	expr : expr . GEQ expr  (58)
	expr : expr . LEQ expr  (59)
	expr : expr . AND expr  (60)
	expr : expr . OR expr  (61)
	expr : expr . IN expr  (63)
	expr : expr . NOT IN expr  (64)

	COLON  shift 137
	IN  shift 60
	PLUS  shift 61
	MINUS  shift 62
	TIMES  shift 63
	DIVIDE  shift 64
	MODULO  shift 65
	EXP  shift 66
	FDIVIDE  shift 67
	EQ  shift 68
	NEQ  shift 69
	GT  shift 70
	LT  shift 71
	GEQ  shift 72
	LEQ  shift 73
	AND  shift 74
	OR  shift 75
	NOT  shift 76
	.  error


state 131
	args_list : expr COMMA . args_list  (72)

	LPAREN  shift 7
	LBRACKET  shift 8
	NOT  shift 14
	INT_LITERAL  shift 15
	FLOAT_LITERAL  shift 16
	STRING_LITERAL  shift 17
	ID  shift 33
	BOOL_LITERAL  shift 19
	.  error

	expr  goto 93
	args_list  goto 138


state 132
	expr : ID LPAREN args_opt RPAREN .  (53)

	.  reduce 53


state 133
	expr : expr . PLUS expr  (37)
	expr : expr . MINUS expr  (38)
	expr : expr . TIMES expr  (39)
	expr : expr . DIVIDE expr  (40)
	expr : expr . MODULO expr  (41)
	expr : expr . EXP expr  (42)
	expr : expr . FDIVIDE expr  (43)
	expr : expr . EQ expr  (54)
	expr : expr . NEQ expr  (55)
	expr : expr . GT expr  (56)
	expr : expr . LT expr  (57)
	expr : expr . GEQ expr  (58)
	expr : expr . LEQ expr  (59)
	expr : expr . AND expr  (60)
	expr : expr . OR expr  (61)
	expr : expr . IN expr  (63)
	expr : expr . NOT IN expr  (64)
	expr : expr NOT IN expr .  (64)

	PLUS  shift 61
	MINUS  shift 62
	TIMES  shift 63
	DIVIDE  shift 64
	MODULO  shift 65
	EXP  shift 66
	FDIVIDE  shift 67
	EQ  shift 68
	NEQ  shift 69
	GT  shift 70
	LT  shift 71
	GEQ  shift 72
	LEQ  shift 73
	COMMA  reduce 64
	COLON  reduce 64
	NEWLINE  reduce 64
	RPAREN  reduce 64
	RBRACKET  reduce 64
	IN  reduce 64
	AND  reduce 64
	OR  reduce 64
	NOT  reduce 64


state 134
	formals_list : vdecl COMMA . formals_list  (21)

	ID  shift 121
	.  error

	vdecl  goto 122
	formals_list  goto 139


state 135
	function_stmt : DEF ID LPAREN formals_opt RPAREN . ARROW typ COLON block  (16)

	ARROW  shift 140
	.  error


state 136
	block : NEWLINE INDENT . stmt_list DEDENT  (15)
	stmt_list : .  (2)

	NEWLINE  shift 3
	DEF  shift 4
	RETURN  shift 5
	PRINT  shift 6
	LPAREN  shift 7
	LBRACKET  shift 8
	IF  shift 9
	WHILE  shift 10
	FOR  shift 11
	BREAK  shift 12
	CONTINUE  shift 13
	NOT  shift 14
	INT_LITERAL  shift 15
	FLOAT_LITERAL  shift 16
	STRING_LITERAL  shift 17
	ID  shift 18
	BOOL_LITERAL  shift 19
	DEDENT  reduce 2

	stmt_list  goto 141
	stmt  goto 22
	vdecl  goto 23
	expr  goto 24
	function_stmt  goto 25
	return_stmt  goto 26
	print_stmt  goto 27
	if_stmt  goto 28
	while_stmt  goto 29
	for_stmt  goto 30


state 137
	for_stmt : FOR ID IN expr COLON . block  (25)

	NEWLINE  shift 127
	.  error

	block  goto 142


state 138
	args_list : expr COMMA args_list .  (72)

	.  reduce 72


state 139
	formals_list : vdecl COMMA formals_list .  (21)

	.  reduce 21


state 140
	function_stmt : DEF ID LPAREN formals_opt RPAREN ARROW . typ COLON block  (16)

	INT  shift 88
	BOOL  shift 89
	FLOAT  shift 90
	STRING  shift 91
	.  error

	typ  goto 143


state 141
	block : NEWLINE INDENT stmt_list . DEDENT  (15)

	DEDENT  shift 144
	.  error


state 142
	for_stmt : FOR ID IN expr COLON block .  (25)

	.  reduce 25


state 143
	function_stmt : DEF ID LPAREN formals_opt RPAREN ARROW typ . COLON block  (16)

	COLON  shift 145
	.  error


state 144
	block : NEWLINE INDENT stmt_list DEDENT .  (15)

	.  reduce 15


state 145
	function_stmt : DEF ID LPAREN formals_opt RPAREN ARROW typ COLON . block  (16)

	NEWLINE  shift 127
	.  error

	block  goto 146


state 146
	function_stmt : DEF ID LPAREN formals_opt RPAREN ARROW typ COLON block .  (16)

	.  reduce 16


59 terminals, 21 nonterminals
74 grammar rules, 147 states
